  [1m[35m (30.7ms)[0m  [1m[35mCREATE TABLE "ar_internal_metadata" ("key" character varying PRIMARY KEY, "value" character varying, "created_at" timestamp NOT NULL, "updated_at" timestamp NOT NULL)[0m
  [1m[35m (13.0ms)[0m  [1m[34mSELECT pg_try_advisory_lock(1265833529282515515);[0m
  [1m[36mActiveRecord::SchemaMigration Load (0.3ms)[0m  [1m[34mSELECT "schema_migrations".* FROM "schema_migrations"[0m
  [1m[36mActiveRecord::InternalMetadata Load (0.3ms)[0m  [1m[34mSELECT  "ar_internal_metadata".* FROM "ar_internal_metadata" WHERE "ar_internal_metadata"."key" = $1 LIMIT $2[0m  [["key", :environment], ["LIMIT", 1]]
  [1m[35m (0.1ms)[0m  [1m[35mBEGIN[0m
  [1m[35mSQL (0.3ms)[0m  [1m[32mINSERT INTO "ar_internal_metadata" ("key", "value", "created_at", "updated_at") VALUES ($1, $2, $3, $4) RETURNING "key"[0m  [["key", "environment"], ["value", "development"], ["created_at", 2017-03-22 22:28:58 UTC], ["updated_at", 2017-03-22 22:28:58 UTC]]
  [1m[35m (0.5ms)[0m  [1m[35mCOMMIT[0m
  [1m[35m (0.2ms)[0m  [1m[34mSELECT pg_advisory_unlock(1265833529282515515)[0m
  [1m[36mActiveRecord::SchemaMigration Load (0.2ms)[0m  [1m[34mSELECT "schema_migrations".* FROM "schema_migrations"[0m
  [1m[35m (0.2ms)[0m  [1m[34mSELECT pg_try_advisory_lock(1265833529282515515);[0m
  [1m[36mActiveRecord::SchemaMigration Load (0.4ms)[0m  [1m[34mSELECT "schema_migrations".* FROM "schema_migrations"[0m
  [1m[36mActiveRecord::InternalMetadata Load (0.3ms)[0m  [1m[34mSELECT  "ar_internal_metadata".* FROM "ar_internal_metadata" WHERE "ar_internal_metadata"."key" = $1 LIMIT $2[0m  [["key", :environment], ["LIMIT", 1]]
  [1m[35m (0.1ms)[0m  [1m[35mBEGIN[0m
  [1m[35m (0.1ms)[0m  [1m[35mCOMMIT[0m
  [1m[35m (0.2ms)[0m  [1m[34mSELECT pg_advisory_unlock(1265833529282515515)[0m
  [1m[36mActiveRecord::SchemaMigration Load (0.1ms)[0m  [1m[34mSELECT "schema_migrations".* FROM "schema_migrations"[0m
  [1m[35m (0.2ms)[0m  [1m[34mSELECT pg_try_advisory_lock(1265833529282515515);[0m
  [1m[36mActiveRecord::SchemaMigration Load (0.3ms)[0m  [1m[34mSELECT "schema_migrations".* FROM "schema_migrations"[0m
Migrating to CreatePeople (20170322223243)
  [1m[35m (0.1ms)[0m  [1m[35mBEGIN[0m
  [1m[35m (3.5ms)[0m  [1m[35mCREATE TABLE "people" ("id" serial primary key, "name" character varying)[0m
  [1m[35mSQL (0.3ms)[0m  [1m[32mINSERT INTO "schema_migrations" ("version") VALUES ($1) RETURNING "version"[0m  [["version", "20170322223243"]]
  [1m[35m (1.1ms)[0m  [1m[35mCOMMIT[0m
  [1m[36mActiveRecord::InternalMetadata Load (0.3ms)[0m  [1m[34mSELECT  "ar_internal_metadata".* FROM "ar_internal_metadata" WHERE "ar_internal_metadata"."key" = $1 LIMIT $2[0m  [["key", :environment], ["LIMIT", 1]]
  [1m[35m (0.1ms)[0m  [1m[35mBEGIN[0m
  [1m[35m (0.1ms)[0m  [1m[35mCOMMIT[0m
  [1m[35m (0.2ms)[0m  [1m[34mSELECT pg_advisory_unlock(1265833529282515515)[0m
  [1m[36mActiveRecord::SchemaMigration Load (0.2ms)[0m  [1m[34mSELECT "schema_migrations".* FROM "schema_migrations"[0m
  [1m[36mActiveRecord::SchemaMigration Load (0.4ms)[0m  [1m[34mSELECT "schema_migrations".* FROM "schema_migrations"[0m
  [1m[35m (0.1ms)[0m  [1m[34mSELECT pg_try_advisory_lock(1265833529282515515);[0m
  [1m[36mActiveRecord::SchemaMigration Load (0.1ms)[0m  [1m[34mSELECT "schema_migrations".* FROM "schema_migrations"[0m
Migrating to CreatePeople (20170322223243)
  [1m[35m (0.1ms)[0m  [1m[35mBEGIN[0m
  [1m[35m (83.5ms)[0m  [1m[35mDROP TABLE "people"[0m
  [1m[35mSQL (0.7ms)[0m  [1m[31mDELETE FROM "schema_migrations" WHERE "schema_migrations"."version" = $1[0m  [["version", "20170322223243"]]
  [1m[35m (13.2ms)[0m  [1m[35mCOMMIT[0m
  [1m[35m (0.2ms)[0m  [1m[34mSELECT pg_advisory_unlock(1265833529282515515)[0m
  [1m[36mActiveRecord::SchemaMigration Load (0.2ms)[0m  [1m[34mSELECT "schema_migrations".* FROM "schema_migrations"[0m
  [1m[35m (0.3ms)[0m  [1m[34mSELECT pg_try_advisory_lock(1265833529282515515);[0m
  [1m[36mActiveRecord::SchemaMigration Load (0.4ms)[0m  [1m[34mSELECT "schema_migrations".* FROM "schema_migrations"[0m
Migrating to CreateUsers (20170322223418)
  [1m[35m (0.1ms)[0m  [1m[35mBEGIN[0m
  [1m[35m (10.0ms)[0m  [1m[35mCREATE TABLE "users" ("id" serial primary key, "username" character varying NOT NULL, "email" character varying NOT NULL, "password_digest" character varying NOT NULL, "created_at" timestamp NOT NULL, "updated_at" timestamp NOT NULL)[0m
  [1m[35m (0.1ms)[0m  [1m[31mROLLBACK[0m
  [1m[35m (0.2ms)[0m  [1m[34mSELECT pg_advisory_unlock(1265833529282515515)[0m
  [1m[36mActiveRecord::SchemaMigration Load (0.4ms)[0m  [1m[34mSELECT "schema_migrations".* FROM "schema_migrations"[0m
  [1m[35m (0.2ms)[0m  [1m[34mSELECT "ar_internal_metadata"."value" FROM "ar_internal_metadata" WHERE "ar_internal_metadata"."key" = $1[0m  [["key", :environment]]
  [1m[36mActiveRecord::SchemaMigration Load (0.1ms)[0m  [1m[34mSELECT "schema_migrations".* FROM "schema_migrations"[0m
  [1m[35m (0.1ms)[0m  [1m[34mSELECT "ar_internal_metadata"."value" FROM "ar_internal_metadata" WHERE "ar_internal_metadata"."key" = $1[0m  [["key", :environment]]
  [1m[36mActiveRecord::SchemaMigration Load (0.1ms)[0m  [1m[34mSELECT "schema_migrations".* FROM "schema_migrations"[0m
  [1m[35m (0.1ms)[0m  [1m[34mSELECT "ar_internal_metadata"."value" FROM "ar_internal_metadata" WHERE "ar_internal_metadata"."key" = $1[0m  [["key", :environment]]
  [1m[35m (159.9ms)[0m  [1m[35mDROP DATABASE IF EXISTS "whatsie_development"[0m
  [1m[35m (112.3ms)[0m  [1m[35mDROP DATABASE IF EXISTS "whatsie_test"[0m
  [1m[35m (3.7ms)[0m  [1m[35mCREATE TABLE "schema_migrations" ("version" character varying PRIMARY KEY)[0m
  [1m[35m (17.5ms)[0m  [1m[35mCREATE TABLE "ar_internal_metadata" ("key" character varying PRIMARY KEY, "value" character varying, "created_at" timestamp NOT NULL, "updated_at" timestamp NOT NULL)[0m
  [1m[35m (0.1ms)[0m  [1m[34mSELECT pg_try_advisory_lock(1265833529282515515);[0m
  [1m[36mActiveRecord::SchemaMigration Load (0.4ms)[0m  [1m[34mSELECT "schema_migrations".* FROM "schema_migrations"[0m
Migrating to CreateUsers (20170322223418)
  [1m[35m (0.1ms)[0m  [1m[35mBEGIN[0m
  [1m[35m (2.7ms)[0m  [1m[35mCREATE TABLE "users" ("id" serial primary key, "username" character varying NOT NULL, "email" character varying NOT NULL, "password_digest" character varying NOT NULL, "created_at" timestamp NOT NULL, "updated_at" timestamp NOT NULL)[0m
  [1m[35m (0.8ms)[0m  [1m[35mCREATE  INDEX  "index_users_on_username" ON "users"  ("username")[0m
  [1m[35mSQL (0.4ms)[0m  [1m[32mINSERT INTO "schema_migrations" ("version") VALUES ($1) RETURNING "version"[0m  [["version", "20170322223418"]]
  [1m[35m (0.6ms)[0m  [1m[35mCOMMIT[0m
Migrating to CreateRecipes (20170322223422)
  [1m[35m (15.7ms)[0m  [1m[35mBEGIN[0m
  [1m[35m (2.3ms)[0m  [1m[35mCREATE TABLE "recipes" ("id" serial primary key, "name" character varying NOT NULL, "ingredients" character varying NOT NULL, "instructions" character varying NOT NULL, "url" character varying NOT NULL, "image_url" character varying, "created_at" timestamp NOT NULL, "updated_at" timestamp NOT NULL)[0m
  [1m[35mSQL (0.2ms)[0m  [1m[32mINSERT INTO "schema_migrations" ("version") VALUES ($1) RETURNING "version"[0m  [["version", "20170322223422"]]
  [1m[35m (0.4ms)[0m  [1m[35mCOMMIT[0m
Migrating to CreateRecipeBooks (20170322223427)
  [1m[35m (15.0ms)[0m  [1m[35mBEGIN[0m
  [1m[35m (1.7ms)[0m  [1m[35mCREATE TABLE "recipe_books" ("id" serial primary key, "recipe_id" integer NOT NULL, "user_id" integer NOT NULL, "created_at" timestamp NOT NULL, "updated_at" timestamp NOT NULL)[0m
  [1m[35m (0.7ms)[0m  [1m[35mCREATE  INDEX  "index_recipe_books_on_recipe_id" ON "recipe_books"  ("recipe_id")[0m
  [1m[35m (1.1ms)[0m  [1m[35mCREATE  INDEX  "index_recipe_books_on_user_id" ON "recipe_books"  ("user_id")[0m
  [1m[35mSQL (0.2ms)[0m  [1m[32mINSERT INTO "schema_migrations" ("version") VALUES ($1) RETURNING "version"[0m  [["version", "20170322223427"]]
  [1m[35m (0.5ms)[0m  [1m[35mCOMMIT[0m
  [1m[36mActiveRecord::InternalMetadata Load (0.3ms)[0m  [1m[34mSELECT  "ar_internal_metadata".* FROM "ar_internal_metadata" WHERE "ar_internal_metadata"."key" = $1 LIMIT $2[0m  [["key", :environment], ["LIMIT", 1]]
  [1m[35m (0.1ms)[0m  [1m[35mBEGIN[0m
  [1m[35mSQL (0.3ms)[0m  [1m[32mINSERT INTO "ar_internal_metadata" ("key", "value", "created_at", "updated_at") VALUES ($1, $2, $3, $4) RETURNING "key"[0m  [["key", "environment"], ["value", "development"], ["created_at", 2017-03-22 22:37:52 UTC], ["updated_at", 2017-03-22 22:37:52 UTC]]
  [1m[35m (0.5ms)[0m  [1m[35mCOMMIT[0m
  [1m[35m (0.2ms)[0m  [1m[34mSELECT pg_advisory_unlock(1265833529282515515)[0m
  [1m[36mActiveRecord::SchemaMigration Load (0.1ms)[0m  [1m[34mSELECT "schema_migrations".* FROM "schema_migrations"[0m
Started GET "/" for ::1 at 2017-03-22 17:29:13 -0700
  [1m[36mActiveRecord::SchemaMigration Load (0.5ms)[0m  [1m[34mSELECT "schema_migrations".* FROM "schema_migrations"[0m
Processing by RecipesController#show as HTML
  Rendering recipes/show.erb within layouts/application
  [1m[36mRecipe Load (9.8ms)[0m  [1m[34mSELECT "recipes".* FROM "recipes"[0m
  Rendered recipes/show.erb within layouts/application (17.4ms)
Completed 500 Internal Server Error in 71ms (ActiveRecord: 10.7ms)


  
ActionView::Template::Error (no implicit conversion of String into Integer):
    1: <% @recipes["response"]["docs"].each do |doc| %>
    2:   <% url = doc["web_url"] %>
    3:   <% if url_exist?(url) %>
    4:     <div class="recipe">
  
app/views/recipes/show.erb:1:in `_app_views_recipes_show_erb___4512626752676939464_70107946639200'
  Rendering /Users/apprentice/.rbenv/versions/2.3.1/lib/ruby/gems/2.3.0/gems/actionpack-5.0.2/lib/action_dispatch/middleware/templates/rescues/template_error.html.erb within rescues/layout
  Rendering /Users/apprentice/.rbenv/versions/2.3.1/lib/ruby/gems/2.3.0/gems/actionpack-5.0.2/lib/action_dispatch/middleware/templates/rescues/_source.html.erb
  Rendered /Users/apprentice/.rbenv/versions/2.3.1/lib/ruby/gems/2.3.0/gems/actionpack-5.0.2/lib/action_dispatch/middleware/templates/rescues/_source.html.erb (4.5ms)
  Rendering /Users/apprentice/.rbenv/versions/2.3.1/lib/ruby/gems/2.3.0/gems/actionpack-5.0.2/lib/action_dispatch/middleware/templates/rescues/_trace.html.erb
  Rendered /Users/apprentice/.rbenv/versions/2.3.1/lib/ruby/gems/2.3.0/gems/actionpack-5.0.2/lib/action_dispatch/middleware/templates/rescues/_trace.html.erb (1.5ms)
  Rendering /Users/apprentice/.rbenv/versions/2.3.1/lib/ruby/gems/2.3.0/gems/actionpack-5.0.2/lib/action_dispatch/middleware/templates/rescues/_request_and_response.html.erb
  Rendered /Users/apprentice/.rbenv/versions/2.3.1/lib/ruby/gems/2.3.0/gems/actionpack-5.0.2/lib/action_dispatch/middleware/templates/rescues/_request_and_response.html.erb (0.7ms)
  Rendered /Users/apprentice/.rbenv/versions/2.3.1/lib/ruby/gems/2.3.0/gems/actionpack-5.0.2/lib/action_dispatch/middleware/templates/rescues/template_error.html.erb within rescues/layout (70.3ms)
Started GET "/" for ::1 at 2017-03-22 18:01:14 -0700
Processing by RecipesController#show as HTML
Completed 500 Internal Server Error in 5ms (ActiveRecord: 0.0ms)


  
NoMethodError (undefined method `+' for nil:NilClass):
  
app/models/recipe.rb:16:in `newyorktimes'
app/controllers/recipes_controller.rb:3:in `show'
  Rendering /Users/apprentice/.rbenv/versions/2.3.1/lib/ruby/gems/2.3.0/gems/actionpack-5.0.2/lib/action_dispatch/middleware/templates/rescues/diagnostics.html.erb within rescues/layout
  Rendering /Users/apprentice/.rbenv/versions/2.3.1/lib/ruby/gems/2.3.0/gems/actionpack-5.0.2/lib/action_dispatch/middleware/templates/rescues/_source.html.erb
  Rendered /Users/apprentice/.rbenv/versions/2.3.1/lib/ruby/gems/2.3.0/gems/actionpack-5.0.2/lib/action_dispatch/middleware/templates/rescues/_source.html.erb (2.5ms)
  Rendering /Users/apprentice/.rbenv/versions/2.3.1/lib/ruby/gems/2.3.0/gems/actionpack-5.0.2/lib/action_dispatch/middleware/templates/rescues/_trace.html.erb
  Rendered /Users/apprentice/.rbenv/versions/2.3.1/lib/ruby/gems/2.3.0/gems/actionpack-5.0.2/lib/action_dispatch/middleware/templates/rescues/_trace.html.erb (1.4ms)
  Rendering /Users/apprentice/.rbenv/versions/2.3.1/lib/ruby/gems/2.3.0/gems/actionpack-5.0.2/lib/action_dispatch/middleware/templates/rescues/_request_and_response.html.erb
  Rendered /Users/apprentice/.rbenv/versions/2.3.1/lib/ruby/gems/2.3.0/gems/actionpack-5.0.2/lib/action_dispatch/middleware/templates/rescues/_request_and_response.html.erb (0.7ms)
  Rendered /Users/apprentice/.rbenv/versions/2.3.1/lib/ruby/gems/2.3.0/gems/actionpack-5.0.2/lib/action_dispatch/middleware/templates/rescues/diagnostics.html.erb within rescues/layout (61.2ms)
Started GET "/" for ::1 at 2017-03-22 18:08:25 -0700
  [1m[36mActiveRecord::SchemaMigration Load (0.4ms)[0m  [1m[34mSELECT "schema_migrations".* FROM "schema_migrations"[0m
Processing by RecipesController#show as HTML
Completed 500 Internal Server Error in 15ms (ActiveRecord: 0.0ms)


  
NoMethodError (undefined method `+' for nil:NilClass):
  
app/models/recipe.rb:16:in `newyorktimes'
app/controllers/recipes_controller.rb:3:in `show'
  Rendering /Users/apprentice/.rbenv/versions/2.3.1/lib/ruby/gems/2.3.0/gems/actionpack-5.0.2/lib/action_dispatch/middleware/templates/rescues/diagnostics.html.erb within rescues/layout
  Rendering /Users/apprentice/.rbenv/versions/2.3.1/lib/ruby/gems/2.3.0/gems/actionpack-5.0.2/lib/action_dispatch/middleware/templates/rescues/_source.html.erb
  Rendered /Users/apprentice/.rbenv/versions/2.3.1/lib/ruby/gems/2.3.0/gems/actionpack-5.0.2/lib/action_dispatch/middleware/templates/rescues/_source.html.erb (3.0ms)
  Rendering /Users/apprentice/.rbenv/versions/2.3.1/lib/ruby/gems/2.3.0/gems/actionpack-5.0.2/lib/action_dispatch/middleware/templates/rescues/_trace.html.erb
  Rendered /Users/apprentice/.rbenv/versions/2.3.1/lib/ruby/gems/2.3.0/gems/actionpack-5.0.2/lib/action_dispatch/middleware/templates/rescues/_trace.html.erb (1.9ms)
  Rendering /Users/apprentice/.rbenv/versions/2.3.1/lib/ruby/gems/2.3.0/gems/actionpack-5.0.2/lib/action_dispatch/middleware/templates/rescues/_request_and_response.html.erb
  Rendered /Users/apprentice/.rbenv/versions/2.3.1/lib/ruby/gems/2.3.0/gems/actionpack-5.0.2/lib/action_dispatch/middleware/templates/rescues/_request_and_response.html.erb (2.2ms)
  Rendered /Users/apprentice/.rbenv/versions/2.3.1/lib/ruby/gems/2.3.0/gems/actionpack-5.0.2/lib/action_dispatch/middleware/templates/rescues/diagnostics.html.erb within rescues/layout (76.1ms)
Started GET "/" for ::1 at 2017-03-22 18:08:36 -0700
Processing by RecipesController#show as HTML
Completed 500 Internal Server Error in 1ms (ActiveRecord: 0.0ms)


  
NoMethodError (undefined method `+' for nil:NilClass):
  
app/models/recipe.rb:16:in `newyorktimes'
app/controllers/recipes_controller.rb:3:in `show'
  Rendering /Users/apprentice/.rbenv/versions/2.3.1/lib/ruby/gems/2.3.0/gems/actionpack-5.0.2/lib/action_dispatch/middleware/templates/rescues/diagnostics.html.erb within rescues/layout
  Rendering /Users/apprentice/.rbenv/versions/2.3.1/lib/ruby/gems/2.3.0/gems/actionpack-5.0.2/lib/action_dispatch/middleware/templates/rescues/_source.html.erb
  Rendered /Users/apprentice/.rbenv/versions/2.3.1/lib/ruby/gems/2.3.0/gems/actionpack-5.0.2/lib/action_dispatch/middleware/templates/rescues/_source.html.erb (2.4ms)
  Rendering /Users/apprentice/.rbenv/versions/2.3.1/lib/ruby/gems/2.3.0/gems/actionpack-5.0.2/lib/action_dispatch/middleware/templates/rescues/_trace.html.erb
  Rendered /Users/apprentice/.rbenv/versions/2.3.1/lib/ruby/gems/2.3.0/gems/actionpack-5.0.2/lib/action_dispatch/middleware/templates/rescues/_trace.html.erb (1.5ms)
  Rendering /Users/apprentice/.rbenv/versions/2.3.1/lib/ruby/gems/2.3.0/gems/actionpack-5.0.2/lib/action_dispatch/middleware/templates/rescues/_request_and_response.html.erb
  Rendered /Users/apprentice/.rbenv/versions/2.3.1/lib/ruby/gems/2.3.0/gems/actionpack-5.0.2/lib/action_dispatch/middleware/templates/rescues/_request_and_response.html.erb (0.7ms)
  Rendered /Users/apprentice/.rbenv/versions/2.3.1/lib/ruby/gems/2.3.0/gems/actionpack-5.0.2/lib/action_dispatch/middleware/templates/rescues/diagnostics.html.erb within rescues/layout (61.8ms)
Started GET "/" for ::1 at 2017-03-22 18:10:29 -0700
  [1m[36mActiveRecord::SchemaMigration Load (0.4ms)[0m  [1m[34mSELECT "schema_migrations".* FROM "schema_migrations"[0m
Processing by RecipesController#show as HTML
Completed 500 Internal Server Error in 17ms (ActiveRecord: 0.0ms)


  
NoMethodError (undefined method `+' for nil:NilClass):
  
app/models/recipe.rb:16:in `newyorktimes'
app/controllers/recipes_controller.rb:3:in `show'
  Rendering /Users/apprentice/.rbenv/versions/2.3.1/lib/ruby/gems/2.3.0/gems/actionpack-5.0.2/lib/action_dispatch/middleware/templates/rescues/diagnostics.html.erb within rescues/layout
  Rendering /Users/apprentice/.rbenv/versions/2.3.1/lib/ruby/gems/2.3.0/gems/actionpack-5.0.2/lib/action_dispatch/middleware/templates/rescues/_source.html.erb
  Rendered /Users/apprentice/.rbenv/versions/2.3.1/lib/ruby/gems/2.3.0/gems/actionpack-5.0.2/lib/action_dispatch/middleware/templates/rescues/_source.html.erb (3.2ms)
  Rendering /Users/apprentice/.rbenv/versions/2.3.1/lib/ruby/gems/2.3.0/gems/actionpack-5.0.2/lib/action_dispatch/middleware/templates/rescues/_trace.html.erb
  Rendered /Users/apprentice/.rbenv/versions/2.3.1/lib/ruby/gems/2.3.0/gems/actionpack-5.0.2/lib/action_dispatch/middleware/templates/rescues/_trace.html.erb (1.7ms)
  Rendering /Users/apprentice/.rbenv/versions/2.3.1/lib/ruby/gems/2.3.0/gems/actionpack-5.0.2/lib/action_dispatch/middleware/templates/rescues/_request_and_response.html.erb
  Rendered /Users/apprentice/.rbenv/versions/2.3.1/lib/ruby/gems/2.3.0/gems/actionpack-5.0.2/lib/action_dispatch/middleware/templates/rescues/_request_and_response.html.erb (1.0ms)
  Rendered /Users/apprentice/.rbenv/versions/2.3.1/lib/ruby/gems/2.3.0/gems/actionpack-5.0.2/lib/action_dispatch/middleware/templates/rescues/diagnostics.html.erb within rescues/layout (73.4ms)
Started GET "/" for ::1 at 2017-03-23 14:14:44 -0700
  [1m[36mActiveRecord::SchemaMigration Load (27.3ms)[0m  [1m[34mSELECT "schema_migrations".* FROM "schema_migrations"[0m
Processing by RecipesController#show as HTML
Completed 500 Internal Server Error in 28ms (ActiveRecord: 0.0ms)


  
NoMethodError (undefined method `+' for nil:NilClass):
  
app/models/recipe.rb:16:in `newyorktimes'
app/controllers/recipes_controller.rb:3:in `show'
  Rendering /Users/apprentice/.rbenv/versions/2.3.1/lib/ruby/gems/2.3.0/gems/actionpack-5.0.2/lib/action_dispatch/middleware/templates/rescues/diagnostics.html.erb within rescues/layout
  Rendering /Users/apprentice/.rbenv/versions/2.3.1/lib/ruby/gems/2.3.0/gems/actionpack-5.0.2/lib/action_dispatch/middleware/templates/rescues/_source.html.erb
  Rendered /Users/apprentice/.rbenv/versions/2.3.1/lib/ruby/gems/2.3.0/gems/actionpack-5.0.2/lib/action_dispatch/middleware/templates/rescues/_source.html.erb (2.8ms)
  Rendering /Users/apprentice/.rbenv/versions/2.3.1/lib/ruby/gems/2.3.0/gems/actionpack-5.0.2/lib/action_dispatch/middleware/templates/rescues/_trace.html.erb
  Rendered /Users/apprentice/.rbenv/versions/2.3.1/lib/ruby/gems/2.3.0/gems/actionpack-5.0.2/lib/action_dispatch/middleware/templates/rescues/_trace.html.erb (1.9ms)
  Rendering /Users/apprentice/.rbenv/versions/2.3.1/lib/ruby/gems/2.3.0/gems/actionpack-5.0.2/lib/action_dispatch/middleware/templates/rescues/_request_and_response.html.erb
  Rendered /Users/apprentice/.rbenv/versions/2.3.1/lib/ruby/gems/2.3.0/gems/actionpack-5.0.2/lib/action_dispatch/middleware/templates/rescues/_request_and_response.html.erb (1.1ms)
  Rendered /Users/apprentice/.rbenv/versions/2.3.1/lib/ruby/gems/2.3.0/gems/actionpack-5.0.2/lib/action_dispatch/middleware/templates/rescues/diagnostics.html.erb within rescues/layout (192.0ms)
Started GET "/" for ::1 at 2017-03-23 14:20:42 -0700
  [1m[36mActiveRecord::SchemaMigration Load (0.4ms)[0m  [1m[34mSELECT "schema_migrations".* FROM "schema_migrations"[0m
Processing by RecipesController#show as HTML
  Rendering recipes/show.erb within layouts/application
  Rendered recipes/show.erb within layouts/application (136.5ms)
Completed 500 Internal Server Error in 1177ms (ActiveRecord: 0.0ms)


  
ActionView::Template::Error (undefined method `url_exist?' for #<#<Class:0x007fd7fa269970>:0x007fd7fa210dc0>
Did you mean?  url_options):
    1: <% @recipes["response"]["docs"].each do |doc| %>
    2:   <% url = doc["web_url"] %>
    3:   <% if url_exist?(url) %>
    4:     <div class="recipe">
    5:       <h2><%= name = doc["headline"]["name"] %></h2>
    6: 
  
app/views/recipes/show.erb:3:in `block in _app_views_recipes_show_erb__1141035180335364627_70282795833560'
app/views/recipes/show.erb:1:in `each'
app/views/recipes/show.erb:1:in `_app_views_recipes_show_erb__1141035180335364627_70282795833560'
  Rendering /Users/apprentice/.rbenv/versions/2.3.1/lib/ruby/gems/2.3.0/gems/actionpack-5.0.2/lib/action_dispatch/middleware/templates/rescues/template_error.html.erb within rescues/layout
  Rendering /Users/apprentice/.rbenv/versions/2.3.1/lib/ruby/gems/2.3.0/gems/actionpack-5.0.2/lib/action_dispatch/middleware/templates/rescues/_source.html.erb
  Rendered /Users/apprentice/.rbenv/versions/2.3.1/lib/ruby/gems/2.3.0/gems/actionpack-5.0.2/lib/action_dispatch/middleware/templates/rescues/_source.html.erb (3.1ms)
  Rendering /Users/apprentice/.rbenv/versions/2.3.1/lib/ruby/gems/2.3.0/gems/actionpack-5.0.2/lib/action_dispatch/middleware/templates/rescues/_trace.html.erb
  Rendered /Users/apprentice/.rbenv/versions/2.3.1/lib/ruby/gems/2.3.0/gems/actionpack-5.0.2/lib/action_dispatch/middleware/templates/rescues/_trace.html.erb (1.6ms)
  Rendering /Users/apprentice/.rbenv/versions/2.3.1/lib/ruby/gems/2.3.0/gems/actionpack-5.0.2/lib/action_dispatch/middleware/templates/rescues/_request_and_response.html.erb
  Rendered /Users/apprentice/.rbenv/versions/2.3.1/lib/ruby/gems/2.3.0/gems/actionpack-5.0.2/lib/action_dispatch/middleware/templates/rescues/_request_and_response.html.erb (0.7ms)
  Rendered /Users/apprentice/.rbenv/versions/2.3.1/lib/ruby/gems/2.3.0/gems/actionpack-5.0.2/lib/action_dispatch/middleware/templates/rescues/template_error.html.erb within rescues/layout (68.0ms)
Started GET "/" for ::1 at 2017-03-23 14:24:23 -0700
Processing by RecipesController#show as HTML
  Rendering recipes/show.erb within layouts/application
  Rendered recipes/show.erb within layouts/application (10221.2ms)
Completed 500 Internal Server Error in 11117ms (ActiveRecord: 0.0ms)


  
ActionView::Template::Error (undefined method `erb' for #<#<Class:0x007fd7fa9c7258>:0x007fd7fa9c5c78>):
    12:   </head>
    13: 
    14:   <body>
    15:     <%= erb :'partials/_navbar' %>
    16:     <main>
    17:       <%= yield %>
    18:     </main>
  
app/views/layouts/application.html.erb:15:in `_app_views_layouts_application_html_erb___1846059115724944192_70282799606820'
  Rendering /Users/apprentice/.rbenv/versions/2.3.1/lib/ruby/gems/2.3.0/gems/actionpack-5.0.2/lib/action_dispatch/middleware/templates/rescues/template_error.html.erb within rescues/layout
  Rendering /Users/apprentice/.rbenv/versions/2.3.1/lib/ruby/gems/2.3.0/gems/actionpack-5.0.2/lib/action_dispatch/middleware/templates/rescues/_source.html.erb
  Rendered /Users/apprentice/.rbenv/versions/2.3.1/lib/ruby/gems/2.3.0/gems/actionpack-5.0.2/lib/action_dispatch/middleware/templates/rescues/_source.html.erb (3.9ms)
  Rendering /Users/apprentice/.rbenv/versions/2.3.1/lib/ruby/gems/2.3.0/gems/actionpack-5.0.2/lib/action_dispatch/middleware/templates/rescues/_trace.html.erb
  Rendered /Users/apprentice/.rbenv/versions/2.3.1/lib/ruby/gems/2.3.0/gems/actionpack-5.0.2/lib/action_dispatch/middleware/templates/rescues/_trace.html.erb (1.7ms)
  Rendering /Users/apprentice/.rbenv/versions/2.3.1/lib/ruby/gems/2.3.0/gems/actionpack-5.0.2/lib/action_dispatch/middleware/templates/rescues/_request_and_response.html.erb
  Rendered /Users/apprentice/.rbenv/versions/2.3.1/lib/ruby/gems/2.3.0/gems/actionpack-5.0.2/lib/action_dispatch/middleware/templates/rescues/_request_and_response.html.erb (8.2ms)
  Rendered /Users/apprentice/.rbenv/versions/2.3.1/lib/ruby/gems/2.3.0/gems/actionpack-5.0.2/lib/action_dispatch/middleware/templates/rescues/template_error.html.erb within rescues/layout (73.0ms)
Started GET "/" for ::1 at 2017-03-23 14:27:13 -0700
Processing by RecipesController#show as HTML
  Rendering recipes/show.erb within layouts/application
  Rendered recipes/show.erb within layouts/application (9792.2ms)
Completed 500 Internal Server Error in 10879ms (ActiveRecord: 0.0ms)


  
ActionView::Template::Error (Missing partial partials/__navbar with {:locale=>[:en], :formats=>[:html], :variants=>[], :handlers=>[:raw, :erb, :html, :builder, :ruby, :coffee, :jbuilder]}. Searched in:
  * "/Users/apprentice/Desktop/ian/whatsie/whatsie/app/views"
):
    12:   </head>
    13: 
    14:   <body>
    15:     <%= render 'partials/_navbar' %>
    16:     <main>
    17:       <%= yield %>
    18:     </main>
  
app/views/layouts/application.html.erb:15:in `_app_views_layouts_application_html_erb___1846059115724944192_70282821970880'
  Rendering /Users/apprentice/.rbenv/versions/2.3.1/lib/ruby/gems/2.3.0/gems/actionpack-5.0.2/lib/action_dispatch/middleware/templates/rescues/template_error.html.erb within rescues/layout
  Rendering /Users/apprentice/.rbenv/versions/2.3.1/lib/ruby/gems/2.3.0/gems/actionpack-5.0.2/lib/action_dispatch/middleware/templates/rescues/_source.html.erb
  Rendered /Users/apprentice/.rbenv/versions/2.3.1/lib/ruby/gems/2.3.0/gems/actionpack-5.0.2/lib/action_dispatch/middleware/templates/rescues/_source.html.erb (8.9ms)
  Rendering /Users/apprentice/.rbenv/versions/2.3.1/lib/ruby/gems/2.3.0/gems/actionpack-5.0.2/lib/action_dispatch/middleware/templates/rescues/_trace.html.erb
  Rendered /Users/apprentice/.rbenv/versions/2.3.1/lib/ruby/gems/2.3.0/gems/actionpack-5.0.2/lib/action_dispatch/middleware/templates/rescues/_trace.html.erb (1.8ms)
  Rendering /Users/apprentice/.rbenv/versions/2.3.1/lib/ruby/gems/2.3.0/gems/actionpack-5.0.2/lib/action_dispatch/middleware/templates/rescues/_request_and_response.html.erb
  Rendered /Users/apprentice/.rbenv/versions/2.3.1/lib/ruby/gems/2.3.0/gems/actionpack-5.0.2/lib/action_dispatch/middleware/templates/rescues/_request_and_response.html.erb (0.9ms)
  Rendered /Users/apprentice/.rbenv/versions/2.3.1/lib/ruby/gems/2.3.0/gems/actionpack-5.0.2/lib/action_dispatch/middleware/templates/rescues/template_error.html.erb within rescues/layout (73.2ms)
Started GET "/" for ::1 at 2017-03-23 14:28:17 -0700
Processing by RecipesController#show as HTML
  Rendering recipes/show.erb within layouts/application
  Rendered recipes/show.erb within layouts/application (9600.0ms)
  Rendered partials/_navbar.erb (43.6ms)
Completed 500 Internal Server Error in 10995ms (ActiveRecord: 0.0ms)


  
LoadError (cannot load such file -- bcrypt):
  
app/models/user.rb:1:in `<top (required)>'
app/helpers/session_helper.rb:7:in `session_user'
app/views/partials/_navbar.erb:3:in `_app_views_partials__navbar_erb___1276693265898051182_70282798140600'
app/views/layouts/application.html.erb:15:in `_app_views_layouts_application_html_erb___1846059115724944192_70282799374700'
  Rendering /Users/apprentice/.rbenv/versions/2.3.1/lib/ruby/gems/2.3.0/gems/actionpack-5.0.2/lib/action_dispatch/middleware/templates/rescues/diagnostics.html.erb within rescues/layout
  Rendering /Users/apprentice/.rbenv/versions/2.3.1/lib/ruby/gems/2.3.0/gems/actionpack-5.0.2/lib/action_dispatch/middleware/templates/rescues/_source.html.erb
  Rendered /Users/apprentice/.rbenv/versions/2.3.1/lib/ruby/gems/2.3.0/gems/actionpack-5.0.2/lib/action_dispatch/middleware/templates/rescues/_source.html.erb (4.3ms)
  Rendering /Users/apprentice/.rbenv/versions/2.3.1/lib/ruby/gems/2.3.0/gems/actionpack-5.0.2/lib/action_dispatch/middleware/templates/rescues/_trace.html.erb
  Rendered /Users/apprentice/.rbenv/versions/2.3.1/lib/ruby/gems/2.3.0/gems/actionpack-5.0.2/lib/action_dispatch/middleware/templates/rescues/_trace.html.erb (1.7ms)
  Rendering /Users/apprentice/.rbenv/versions/2.3.1/lib/ruby/gems/2.3.0/gems/actionpack-5.0.2/lib/action_dispatch/middleware/templates/rescues/_request_and_response.html.erb
  Rendered /Users/apprentice/.rbenv/versions/2.3.1/lib/ruby/gems/2.3.0/gems/actionpack-5.0.2/lib/action_dispatch/middleware/templates/rescues/_request_and_response.html.erb (0.9ms)
  Rendered /Users/apprentice/.rbenv/versions/2.3.1/lib/ruby/gems/2.3.0/gems/actionpack-5.0.2/lib/action_dispatch/middleware/templates/rescues/diagnostics.html.erb within rescues/layout (64.2ms)
Started GET "/" for ::1 at 2017-03-23 14:29:18 -0700
  [1m[36mActiveRecord::SchemaMigration Load (0.4ms)[0m  [1m[34mSELECT "schema_migrations".* FROM "schema_migrations"[0m
Processing by RecipesController#show as HTML
  Rendering recipes/show.erb within layouts/application
  Rendered recipes/show.erb within layouts/application (9953.7ms)
  [1m[36mUser Load (13.2ms)[0m  [1m[34mSELECT  "users".* FROM "users" WHERE "users"."id" IS NULL LIMIT $1[0m  [["LIMIT", 1]]
  Rendered partials/_navbar.erb (100.5ms)
Completed 200 OK in 10880ms (Views: 9972.2ms | ActiveRecord: 93.3ms)


Started GET "/" for ::1 at 2017-03-23 14:31:47 -0700
Processing by RecipesController#show as HTML
  Rendering recipes/show.erb within layouts/application
  Rendered recipes/show.erb within layouts/application (10413.0ms)
  [1m[36mUser Load (0.6ms)[0m  [1m[34mSELECT  "users".* FROM "users" WHERE "users"."id" IS NULL LIMIT $1[0m  [["LIMIT", 1]]
  Rendered partials/_navbar.erb (2.3ms)
Completed 200 OK in 11194ms (Views: 10420.5ms | ActiveRecord: 0.6ms)


Started GET "/" for ::1 at 2017-03-23 14:32:16 -0700
  [1m[36mActiveRecord::SchemaMigration Load (0.4ms)[0m  [1m[34mSELECT "schema_migrations".* FROM "schema_migrations"[0m
Processing by RecipesController#show as HTML
  Rendering recipes/show.erb within layouts/application
  Rendered recipes/show.erb within layouts/application (10388.0ms)
  [1m[36mUser Load (0.3ms)[0m  [1m[34mSELECT  "users".* FROM "users" WHERE "users"."id" IS NULL LIMIT $1[0m  [["LIMIT", 1]]
  Rendered partials/_navbar.erb (8.7ms)
Completed 200 OK in 11270ms (Views: 10406.7ms | ActiveRecord: 1.6ms)


Started GET "/" for ::1 at 2017-03-23 14:33:02 -0700
  [1m[36mActiveRecord::SchemaMigration Load (0.4ms)[0m  [1m[34mSELECT "schema_migrations".* FROM "schema_migrations"[0m
Processing by RecipesController#show as HTML
  Rendering recipes/show.erb within layouts/application
  Rendered recipes/show.erb within layouts/application (10766.6ms)
  [1m[36mUser Load (0.2ms)[0m  [1m[34mSELECT  "users".* FROM "users" WHERE "users"."id" IS NULL LIMIT $1[0m  [["LIMIT", 1]]
  Rendered partials/_navbar.erb (8.4ms)
Completed 200 OK in 12361ms (Views: 11231.6ms | ActiveRecord: 1.4ms)


Started GET "/" for ::1 at 2017-03-23 14:33:46 -0700
Processing by RecipesController#show as HTML
  Rendering recipes/show.erb within layouts/application
  Rendered recipes/show.erb within layouts/application (10488.5ms)
  [1m[36mUser Load (0.6ms)[0m  [1m[34mSELECT  "users".* FROM "users" WHERE "users"."id" IS NULL LIMIT $1[0m  [["LIMIT", 1]]
  Rendered partials/_navbar.erb (2.6ms)
Completed 200 OK in 11158ms (Views: 10533.5ms | ActiveRecord: 0.6ms)


Started GET "/" for ::1 at 2017-03-23 14:36:55 -0700
Processing by RecipesController#show as HTML
  Rendering recipes/show.erb within layouts/application
  Rendered recipes/show.erb within layouts/application (17.4ms)
Completed 500 Internal Server Error in 1323ms (ActiveRecord: 0.0ms)


  
ActionView::Template::Error (undefined method `[]' for nil:NilClass):
    1: <% @recipes["response"]["docs"].each do |doc| %>
    2:   <% url = doc["web_url"] %>
    3:   <% if url_exist?(url) %>
    4:     <div class="recipe">
  
app/views/recipes/show.erb:1:in `_app_views_recipes_show_erb___4502195725213217175_70227967245600'
  Rendering /Users/apprentice/.rbenv/versions/2.3.1/lib/ruby/gems/2.3.0/gems/actionpack-5.0.2/lib/action_dispatch/middleware/templates/rescues/template_error.html.erb within rescues/layout
  Rendering /Users/apprentice/.rbenv/versions/2.3.1/lib/ruby/gems/2.3.0/gems/actionpack-5.0.2/lib/action_dispatch/middleware/templates/rescues/_source.html.erb
  Rendered /Users/apprentice/.rbenv/versions/2.3.1/lib/ruby/gems/2.3.0/gems/actionpack-5.0.2/lib/action_dispatch/middleware/templates/rescues/_source.html.erb (3.3ms)
  Rendering /Users/apprentice/.rbenv/versions/2.3.1/lib/ruby/gems/2.3.0/gems/actionpack-5.0.2/lib/action_dispatch/middleware/templates/rescues/_trace.html.erb
  Rendered /Users/apprentice/.rbenv/versions/2.3.1/lib/ruby/gems/2.3.0/gems/actionpack-5.0.2/lib/action_dispatch/middleware/templates/rescues/_trace.html.erb (1.6ms)
  Rendering /Users/apprentice/.rbenv/versions/2.3.1/lib/ruby/gems/2.3.0/gems/actionpack-5.0.2/lib/action_dispatch/middleware/templates/rescues/_request_and_response.html.erb
  Rendered /Users/apprentice/.rbenv/versions/2.3.1/lib/ruby/gems/2.3.0/gems/actionpack-5.0.2/lib/action_dispatch/middleware/templates/rescues/_request_and_response.html.erb (0.7ms)
  Rendered /Users/apprentice/.rbenv/versions/2.3.1/lib/ruby/gems/2.3.0/gems/actionpack-5.0.2/lib/action_dispatch/middleware/templates/rescues/template_error.html.erb within rescues/layout (63.3ms)
Started GET "/" for ::1 at 2017-03-23 14:37:27 -0700
Processing by RecipesController#show as HTML
  Rendering recipes/show.erb within layouts/application
  Rendered recipes/show.erb within layouts/application (9702.2ms)
  [1m[36mUser Load (0.2ms)[0m  [1m[34mSELECT  "users".* FROM "users" WHERE "users"."id" IS NULL LIMIT $1[0m  [["LIMIT", 1]]
  Rendered partials/_navbar.erb (13.4ms)
Completed 200 OK in 10969ms (Views: 9817.6ms | ActiveRecord: 1.2ms)


Started GET "/" for ::1 at 2017-03-23 14:38:12 -0700
Processing by RecipesController#show as HTML
  Rendering recipes/show.erb within layouts/application
  Rendered recipes/show.erb within layouts/application (2.1ms)
Completed 500 Internal Server Error in 1125ms (ActiveRecord: 0.0ms)


  
ActionView::Template::Error (no implicit conversion of String into Integer):
    1: <% @recipes = @recipes["response"]["docs"][0] %>
    2: <% @recipes.each do |doc| %>
    3:   <% url = doc["web_url"] %>
    4:   <% if url_exist?(url) %>
    5:     <div class="recipe">
    6:       <h2><%= name = doc["headline"]["name"] %></h2>
  
app/views/recipes/show.erb:3:in `[]'
app/views/recipes/show.erb:3:in `block in _app_views_recipes_show_erb___4502195725213217175_70227997136080'
app/views/recipes/show.erb:2:in `each'
app/views/recipes/show.erb:2:in `_app_views_recipes_show_erb___4502195725213217175_70227997136080'
  Rendering /Users/apprentice/.rbenv/versions/2.3.1/lib/ruby/gems/2.3.0/gems/actionpack-5.0.2/lib/action_dispatch/middleware/templates/rescues/template_error.html.erb within rescues/layout
  Rendering /Users/apprentice/.rbenv/versions/2.3.1/lib/ruby/gems/2.3.0/gems/actionpack-5.0.2/lib/action_dispatch/middleware/templates/rescues/_source.html.erb
  Rendered /Users/apprentice/.rbenv/versions/2.3.1/lib/ruby/gems/2.3.0/gems/actionpack-5.0.2/lib/action_dispatch/middleware/templates/rescues/_source.html.erb (3.6ms)
  Rendering /Users/apprentice/.rbenv/versions/2.3.1/lib/ruby/gems/2.3.0/gems/actionpack-5.0.2/lib/action_dispatch/middleware/templates/rescues/_trace.html.erb
  Rendered /Users/apprentice/.rbenv/versions/2.3.1/lib/ruby/gems/2.3.0/gems/actionpack-5.0.2/lib/action_dispatch/middleware/templates/rescues/_trace.html.erb (1.7ms)
  Rendering /Users/apprentice/.rbenv/versions/2.3.1/lib/ruby/gems/2.3.0/gems/actionpack-5.0.2/lib/action_dispatch/middleware/templates/rescues/_request_and_response.html.erb
  Rendered /Users/apprentice/.rbenv/versions/2.3.1/lib/ruby/gems/2.3.0/gems/actionpack-5.0.2/lib/action_dispatch/middleware/templates/rescues/_request_and_response.html.erb (0.7ms)
  Rendered /Users/apprentice/.rbenv/versions/2.3.1/lib/ruby/gems/2.3.0/gems/actionpack-5.0.2/lib/action_dispatch/middleware/templates/rescues/template_error.html.erb within rescues/layout (62.3ms)
Started GET "/" for ::1 at 2017-03-23 14:38:59 -0700
Processing by RecipesController#show as HTML
  Rendering recipes/show.erb within layouts/application
  Rendered recipes/show.erb within layouts/application (9921.2ms)
  [1m[36mUser Load (0.7ms)[0m  [1m[34mSELECT  "users".* FROM "users" WHERE "users"."id" IS NULL LIMIT $1[0m  [["LIMIT", 1]]
  Rendered partials/_navbar.erb (2.4ms)
Completed 200 OK in 10602ms (Views: 9936.7ms | ActiveRecord: 0.7ms)


Started GET "/" for ::1 at 2017-03-23 14:39:33 -0700
Processing by RecipesController#show as HTML
  Rendering recipes/show.erb within layouts/application
  Rendered recipes/show.erb within layouts/application (9584.2ms)
  [1m[36mUser Load (0.6ms)[0m  [1m[34mSELECT  "users".* FROM "users" WHERE "users"."id" IS NULL LIMIT $1[0m  [["LIMIT", 1]]
  Rendered partials/_navbar.erb (2.0ms)
Completed 200 OK in 10372ms (Views: 9609.9ms | ActiveRecord: 0.6ms)


Started GET "/" for ::1 at 2017-03-23 14:39:56 -0700
Processing by RecipesController#show as HTML
  Rendering recipes/show.erb within layouts/application
  Rendered recipes/show.erb within layouts/application (11099.8ms)
  [1m[36mUser Load (1.2ms)[0m  [1m[34mSELECT  "users".* FROM "users" WHERE "users"."id" IS NULL LIMIT $1[0m  [["LIMIT", 1]]
  Rendered partials/_navbar.erb (3.3ms)
Completed 200 OK in 11979ms (Views: 11117.1ms | ActiveRecord: 1.2ms)


Started GET "/" for ::1 at 2017-03-23 14:40:10 -0700
Processing by RecipesController#show as HTML
  Rendering recipes/show.erb within layouts/application
  Rendered recipes/show.erb within layouts/application (947.3ms)
  [1m[36mUser Load (0.3ms)[0m  [1m[34mSELECT  "users".* FROM "users" WHERE "users"."id" IS NULL LIMIT $1[0m  [["LIMIT", 1]]
  Rendered partials/_navbar.erb (2.2ms)
Completed 200 OK in 1608ms (Views: 964.7ms | ActiveRecord: 0.3ms)


Started GET "/" for ::1 at 2017-03-23 14:41:56 -0700
Processing by RecipesController#show as HTML
  Rendering recipes/show.erb within layouts/application
  Rendered recipes/show.erb within layouts/application (1055.3ms)
Completed 500 Internal Server Error in 1736ms (ActiveRecord: 0.0ms)


  
ActionView::Template::Error (undefined method `html_safe' for #<Nokogiri::XML::NodeSet:0x007fbe75db2e38>
Did you mean?  html_safe?):
    21:       <h3>Prep</h3>
    22:       <% preparation = scrape_this(url) %>
    23:       <h4>Instructions</h4>
    24:       <%= instructions = scrape_ny_instructions(preparation).html_safe %>
    25:       <h4>Ingredients</h4>
    26:       <%= ingredients.html_safe = scrape_ny_ingredients(preparation) %>
    27: 
  
app/views/recipes/show.erb:24:in `block in _app_views_recipes_show_erb___4502195725213217175_70227998559960'
app/views/recipes/show.erb:3:in `each'
app/views/recipes/show.erb:3:in `_app_views_recipes_show_erb___4502195725213217175_70227998559960'
  Rendering /Users/apprentice/.rbenv/versions/2.3.1/lib/ruby/gems/2.3.0/gems/actionpack-5.0.2/lib/action_dispatch/middleware/templates/rescues/template_error.html.erb within rescues/layout
  Rendering /Users/apprentice/.rbenv/versions/2.3.1/lib/ruby/gems/2.3.0/gems/actionpack-5.0.2/lib/action_dispatch/middleware/templates/rescues/_source.html.erb
  Rendered /Users/apprentice/.rbenv/versions/2.3.1/lib/ruby/gems/2.3.0/gems/actionpack-5.0.2/lib/action_dispatch/middleware/templates/rescues/_source.html.erb (13.2ms)
  Rendering /Users/apprentice/.rbenv/versions/2.3.1/lib/ruby/gems/2.3.0/gems/actionpack-5.0.2/lib/action_dispatch/middleware/templates/rescues/_trace.html.erb
  Rendered /Users/apprentice/.rbenv/versions/2.3.1/lib/ruby/gems/2.3.0/gems/actionpack-5.0.2/lib/action_dispatch/middleware/templates/rescues/_trace.html.erb (1.9ms)
  Rendering /Users/apprentice/.rbenv/versions/2.3.1/lib/ruby/gems/2.3.0/gems/actionpack-5.0.2/lib/action_dispatch/middleware/templates/rescues/_request_and_response.html.erb
  Rendered /Users/apprentice/.rbenv/versions/2.3.1/lib/ruby/gems/2.3.0/gems/actionpack-5.0.2/lib/action_dispatch/middleware/templates/rescues/_request_and_response.html.erb (0.9ms)
  Rendered /Users/apprentice/.rbenv/versions/2.3.1/lib/ruby/gems/2.3.0/gems/actionpack-5.0.2/lib/action_dispatch/middleware/templates/rescues/template_error.html.erb within rescues/layout (75.6ms)
Started GET "/" for ::1 at 2017-03-23 14:42:08 -0700
Processing by RecipesController#show as HTML
  Rendering recipes/show.erb within layouts/application
  Rendered recipes/show.erb within layouts/application (1635.4ms)
Completed 500 Internal Server Error in 2329ms (ActiveRecord: 0.0ms)


  
ActionView::Template::Error (undefined local variable or method `ingredients' for #<#<Class:0x007fbe755df8c8>:0x007fbe715a4970>):
    23:       <h4>Instructions</h4>
    24:       <%= instructions = scrape_ny_instructions(preparation) %>
    25:       <h4>Ingredients</h4>
    26:       <%= ingredients.html_safe = scrape_ny_ingredients(preparation) %>
    27: 
    28:       <form class='save-recipe-form' action='/recipes' method='post'>
    29:         <input type='hidden' name='recipe[url]' value="<%= url %>">
  
app/views/recipes/show.erb:26:in `block in _app_views_recipes_show_erb___4502195725213217175_70227961132100'
app/views/recipes/show.erb:3:in `each'
app/views/recipes/show.erb:3:in `_app_views_recipes_show_erb___4502195725213217175_70227961132100'
  Rendering /Users/apprentice/.rbenv/versions/2.3.1/lib/ruby/gems/2.3.0/gems/actionpack-5.0.2/lib/action_dispatch/middleware/templates/rescues/template_error.html.erb within rescues/layout
  Rendering /Users/apprentice/.rbenv/versions/2.3.1/lib/ruby/gems/2.3.0/gems/actionpack-5.0.2/lib/action_dispatch/middleware/templates/rescues/_source.html.erb
  Rendered /Users/apprentice/.rbenv/versions/2.3.1/lib/ruby/gems/2.3.0/gems/actionpack-5.0.2/lib/action_dispatch/middleware/templates/rescues/_source.html.erb (3.2ms)
  Rendering /Users/apprentice/.rbenv/versions/2.3.1/lib/ruby/gems/2.3.0/gems/actionpack-5.0.2/lib/action_dispatch/middleware/templates/rescues/_trace.html.erb
  Rendered /Users/apprentice/.rbenv/versions/2.3.1/lib/ruby/gems/2.3.0/gems/actionpack-5.0.2/lib/action_dispatch/middleware/templates/rescues/_trace.html.erb (1.4ms)
  Rendering /Users/apprentice/.rbenv/versions/2.3.1/lib/ruby/gems/2.3.0/gems/actionpack-5.0.2/lib/action_dispatch/middleware/templates/rescues/_request_and_response.html.erb
  Rendered /Users/apprentice/.rbenv/versions/2.3.1/lib/ruby/gems/2.3.0/gems/actionpack-5.0.2/lib/action_dispatch/middleware/templates/rescues/_request_and_response.html.erb (0.8ms)
  Rendered /Users/apprentice/.rbenv/versions/2.3.1/lib/ruby/gems/2.3.0/gems/actionpack-5.0.2/lib/action_dispatch/middleware/templates/rescues/template_error.html.erb within rescues/layout (62.3ms)
Started GET "/" for ::1 at 2017-03-23 14:42:38 -0700
Processing by RecipesController#show as HTML
  Rendering recipes/show.erb within layouts/application
  Rendered recipes/show.erb within layouts/application (962.6ms)
Completed 500 Internal Server Error in 1635ms (ActiveRecord: 0.0ms)


  
ActionView::Template::Error (undefined method `html_safe' for #<Nokogiri::XML::NodeSet:0x007fbe71e32f88>
Did you mean?  html_safe?):
    24:       <%= instructions = scrape_ny_instructions(preparation) %>
    25:       <h4>Ingredients</h4>
    26:       <%= ingredients = scrape_ny_ingredients(preparation) %>
    27:       <%= ingredients.html_safe %>
    28: 
    29:       <form class='save-recipe-form' action='/recipes' method='post'>
    30:         <input type='hidden' name='recipe[url]' value="<%= url %>">
  
app/views/recipes/show.erb:27:in `block in _app_views_recipes_show_erb___4502195725213217175_70227993136820'
app/views/recipes/show.erb:3:in `each'
app/views/recipes/show.erb:3:in `_app_views_recipes_show_erb___4502195725213217175_70227993136820'
  Rendering /Users/apprentice/.rbenv/versions/2.3.1/lib/ruby/gems/2.3.0/gems/actionpack-5.0.2/lib/action_dispatch/middleware/templates/rescues/template_error.html.erb within rescues/layout
  Rendering /Users/apprentice/.rbenv/versions/2.3.1/lib/ruby/gems/2.3.0/gems/actionpack-5.0.2/lib/action_dispatch/middleware/templates/rescues/_source.html.erb
  Rendered /Users/apprentice/.rbenv/versions/2.3.1/lib/ruby/gems/2.3.0/gems/actionpack-5.0.2/lib/action_dispatch/middleware/templates/rescues/_source.html.erb (4.0ms)
  Rendering /Users/apprentice/.rbenv/versions/2.3.1/lib/ruby/gems/2.3.0/gems/actionpack-5.0.2/lib/action_dispatch/middleware/templates/rescues/_trace.html.erb
  Rendered /Users/apprentice/.rbenv/versions/2.3.1/lib/ruby/gems/2.3.0/gems/actionpack-5.0.2/lib/action_dispatch/middleware/templates/rescues/_trace.html.erb (1.7ms)
  Rendering /Users/apprentice/.rbenv/versions/2.3.1/lib/ruby/gems/2.3.0/gems/actionpack-5.0.2/lib/action_dispatch/middleware/templates/rescues/_request_and_response.html.erb
  Rendered /Users/apprentice/.rbenv/versions/2.3.1/lib/ruby/gems/2.3.0/gems/actionpack-5.0.2/lib/action_dispatch/middleware/templates/rescues/_request_and_response.html.erb (0.8ms)
  Rendered /Users/apprentice/.rbenv/versions/2.3.1/lib/ruby/gems/2.3.0/gems/actionpack-5.0.2/lib/action_dispatch/middleware/templates/rescues/template_error.html.erb within rescues/layout (64.3ms)
Started GET "/" for ::1 at 2017-03-23 14:43:06 -0700
Processing by RecipesController#show as HTML
  Rendering recipes/show.erb within layouts/application
  Rendered recipes/show.erb within layouts/application (1708.3ms)
  [1m[36mUser Load (0.3ms)[0m  [1m[34mSELECT  "users".* FROM "users" WHERE "users"."id" IS NULL LIMIT $1[0m  [["LIMIT", 1]]
  Rendered partials/_navbar.erb (1.7ms)
Completed 200 OK in 3040ms (Views: 1725.0ms | ActiveRecord: 0.3ms)


Started GET "/" for ::1 at 2017-03-23 14:43:30 -0700
Processing by RecipesController#show as HTML
  Rendering recipes/show.erb within layouts/application
  Rendered recipes/show.erb within layouts/application (964.9ms)
  [1m[36mUser Load (0.3ms)[0m  [1m[34mSELECT  "users".* FROM "users" WHERE "users"."id" IS NULL LIMIT $1[0m  [["LIMIT", 1]]
  Rendered partials/_navbar.erb (1.6ms)
Completed 200 OK in 1673ms (Views: 988.9ms | ActiveRecord: 0.3ms)


Started GET "/" for ::1 at 2017-03-23 14:43:42 -0700
Processing by RecipesController#show as HTML
  Rendering recipes/show.erb within layouts/application
  Rendered recipes/show.erb within layouts/application (936.5ms)
  [1m[36mUser Load (0.4ms)[0m  [1m[34mSELECT  "users".* FROM "users" WHERE "users"."id" IS NULL LIMIT $1[0m  [["LIMIT", 1]]
  Rendered partials/_navbar.erb (1.6ms)
Completed 200 OK in 2132ms (Views: 952.9ms | ActiveRecord: 0.4ms)


